2013-11-12T08:09:27+00:00 WARNING: date_default_timezone_get(): It is not safe to rely on the system's timezone settings. You are *required* to use the date.timezone setting or the date_default_timezone_set() function. In case you used any of those methods and you are still getting this warning, you most likely misspelled the timezone identifier. We selected the timezone 'UTC' for now, but please set date.timezone to select your timezone. in /home/www/GOTUN/PeanutCMS/lib/Core/App.php on line 354
2013-11-12T08:09:27+00:00 DEBUG: Request for /GOTUN/acblog/ [/] from 127.0.0.1
2013-11-12T08:09:27+00:00 ERROR: An uncaught ClassNotFoundException was thrown in file Lib.php on line 153 and caused execution to be terminated.
Message: Class not found: GlobalWarning
File: /home/www/GOTUN/PeanutCMS/lib/Core/Lib.php
Line: 153
Stack trace:
Lib::autoload('GlobalWarning')
spl_autoload_call('GlobalWarning')
/home/www/GOTUN/PeanutCMS/lib/Core/Routing/Session.php:33 session_start()
/home/www/GOTUN/PeanutCMS/lib/Core/Routing/Request.php:110 Session::__construct('acblog_', '127.0.0.1')
/home/www/GOTUN/PeanutCMS/lib/Core/Routing/Routing.php:138 Request::__construct('acblog_', '/GOTUN/acblog')
Routing::init()
/home/www/GOTUN/PeanutCMS/lib/Core/ModuleBase.php:62 call_user_func_array(array, array)
/home/www/GOTUN/PeanutCMS/lib/Core/App.php:281 ModuleBase::__construct(array, object)
/home/www/GOTUN/PeanutCMS/lib/Core/App.php:270 App::loadModule('Core/Routing')
/home/www/GOTUN/PeanutCMS/lib/Core/App.php:373 App::loadModule('Core')
/home/www/GOTUN/acblog/index.php:19 App::run('production')

2013-11-12T08:09:27+00:00 WARNING: fopen(/home/www/GOTUN/acblog/app/config/config.php): failed to open stream: Permission denied in /home/www/GOTUN/PeanutCMS/lib/Core/AppConfig.php on line 322
2013-11-12T08:09:27+00:00 ERROR: Unable to save config file: /home/www/GOTUN/acblog/app/config/config.php
