2013-11-09T15:45:33+00:00 ERROR: An uncaught TemplateNotFoundException was thrown in file View.php on line 15 and caused execution to be terminated.
Message: Template not found: root.html
File: /home/www/GOTUN/PeanutCMS/lib/Core/Templates/View.php
Line: 15
Stack trace:
/home/www/GOTUN/PeanutCMS/lib/Core/Templates/ViewBase.php:454 View::embed('root.html')
/home/www/GOTUN/PeanutCMS/lib/Core/Templates/ViewBase.php:482 ViewBase::render('root.html')
/home/www/GOTUN/PeanutCMS/lib/Core/Templates/ViewBase.php:492 ViewBase::fetch('root.html')
/home/www/GOTUN/PeanutCMS/lib/Core/Controllers/Controller.php:383 ViewBase::display('root.html')
/home/www/GOTUN/acblog/app/controllers/AppController.php:4 Controller::render()
AppController::root()
/home/www/GOTUN/PeanutCMS/lib/Core/Routing/Routing.php:872 call_user_func_array(array, array)
Routing::findRoute(object, NULL)
/home/www/GOTUN/PeanutCMS/lib/Core/Events.php:56 call_user_func(array, object, NULL)
/home/www/GOTUN/PeanutCMS/lib/Core/App.php:352 Events::trigger('onRender')
/home/www/GOTUN/acblog/index.php:32 App::run('production')

2013-11-12T08:09:27+00:00 ERROR: An uncaught ClassNotFoundException was thrown in file Lib.php on line 153 and caused execution to be terminated.
Message: Class not found: GlobalWarning
File: /home/www/GOTUN/PeanutCMS/lib/Core/Lib.php
Line: 153
Stack trace:
Lib::autoload('GlobalWarning')
spl_autoload_call('GlobalWarning')
/home/www/GOTUN/PeanutCMS/lib/Core/Routing/Session.php:33 session_start()
/home/www/GOTUN/PeanutCMS/lib/Core/Routing/Request.php:110 Session::__construct('acblog_', '127.0.0.1')
/home/www/GOTUN/PeanutCMS/lib/Core/Routing/Routing.php:138 Request::__construct('acblog_', '/GOTUN/acblog')
Routing::init()
/home/www/GOTUN/PeanutCMS/lib/Core/ModuleBase.php:62 call_user_func_array(array, array)
/home/www/GOTUN/PeanutCMS/lib/Core/App.php:281 ModuleBase::__construct(array, object)
/home/www/GOTUN/PeanutCMS/lib/Core/App.php:270 App::loadModule('Core/Routing')
/home/www/GOTUN/PeanutCMS/lib/Core/App.php:373 App::loadModule('Core')
/home/www/GOTUN/acblog/index.php:19 App::run('production')

2013-11-12T08:09:27+00:00 ERROR: Unable to save config file: /home/www/GOTUN/acblog/app/config/config.php
2013-11-12T08:09:34+00:00 ERROR: Unable to save config file: /home/www/GOTUN/acblog/app/config/config.php
2013-11-12T08:09:35+00:00 ERROR: Unable to save config file: /home/www/GOTUN/acblog/app/config/config.php
2013-11-12T08:09:39+00:00 ERROR: Unable to save config file: /home/www/GOTUN/acblog/app/config/config.php
2013-11-12T08:09:39+00:00 ERROR: Unable to save config file: /home/www/GOTUN/acblog/app/config/config.php
2013-11-23T09:17:14+00:00 ERROR: Unable to save config file: /home/www/GOTUN/PeanutCMS/tutorial/acblog/app/config/config.php
2013-11-23T09:17:14+00:00 ERROR: An uncaught Exception was thrown in file Database.php on line 132 and caused execution to be terminated.
Message: Database connection failedCould not connect to the database.<p>SQLite database does not exist and could not be created: /home/www/GOTUN/acblog/app/config/db.sqlite3</p>
File: /home/www/GOTUN/PeanutCMS/lib/Core/Database/Database.php
Line: 132
Stack trace:
Database::init()
/home/www/GOTUN/PeanutCMS/lib/Core/ModuleBase.php:62 call_user_func_array(array, array)
/home/www/GOTUN/PeanutCMS/lib/Core/App.php:281 ModuleBase::__construct(array, object)
/home/www/GOTUN/PeanutCMS/lib/Core/App.php:270 App::loadModule('Core/Database')
/home/www/GOTUN/PeanutCMS/lib/Core/App.php:373 App::loadModule('Core')
/home/www/GOTUN/PeanutCMS/tutorial/acblog/index.php:19 App::run('production')

2013-11-23T09:17:14+00:00 ERROR: Unable to save config file: /home/www/GOTUN/PeanutCMS/tutorial/acblog/app/config/config.php
2013-11-23T09:19:17+00:00 ERROR: An uncaught Exception was thrown in file Database.php on line 132 and caused execution to be terminated.
Message: Database connection failedCould not connect to the database.<p>SQLite database does not exist and could not be created: /home/www/GOTUN/acblog/app/config/db.sqlite3</p>
File: /home/www/GOTUN/PeanutCMS/lib/Core/Database/Database.php
Line: 132
Stack trace:
Database::init()
/home/www/GOTUN/PeanutCMS/lib/Core/ModuleBase.php:62 call_user_func_array(array, array)
/home/www/GOTUN/PeanutCMS/lib/Core/App.php:281 ModuleBase::__construct(array, object)
/home/www/GOTUN/PeanutCMS/lib/Core/App.php:270 App::loadModule('Core/Database')
/home/www/GOTUN/PeanutCMS/lib/Core/App.php:373 App::loadModule('Core')
/home/www/GOTUN/PeanutCMS/tutorial/acblog/index.php:19 App::run('production')

2013-11-23T09:19:17+00:00 ERROR: Unable to save config file: /home/www/GOTUN/PeanutCMS/tutorial/acblog/app/config/config.php
